c:\users\niklas\documents\github\social-connect\sc\sc\sc.windows\debug\sc.windows.pch
c:\users\niklas\documents\github\social-connect\sc\sc\sc.windows\debug\vc120.pdb
c:\users\niklas\documents\github\social-connect\sc\sc\sc.windows\debug\vc120.idb
c:\users\niklas\documents\github\social-connect\sc\sc\sc.windows\debug\pch.obj
c:\users\niklas\documents\github\social-connect\sc\sc\sc.windows\debug\app.xaml.obj
c:\users\niklas\documents\github\social-connect\sc\sc\sc.windows\debug\mainpage.xaml.obj
c:\users\niklas\documents\github\social-connect\sc\sc\sc.windows\debug\xamltypeinfo.impl.g.obj
c:\users\niklas\documents\github\social-connect\sc\sc\sc.windows\debug\xamltypeinfo.g.obj
c:\users\niklas\documents\github\social-connect\sc\sc\sc.windows\debug\sc.windows.tlog\sc.winmd.lastbuild
c:\users\niklas\documents\github\social-connect\sc\debug\sc.windows\sc.windows.ilk
c:\users\niklas\documents\github\social-connect\sc\debug\sc.windows\sc.windows.exe
c:\users\niklas\documents\github\social-connect\sc\debug\sc.windows\sc.windows.pdb
c:\users\niklas\documents\github\social-connect\sc\debug\sc.windows\sc.winmd
c:\users\niklas\documents\github\social-connect\sc\debug\sc.windows\sc.windows.lib
c:\users\niklas\documents\github\social-connect\sc\debug\sc.windows\sc.windows.exp
c:\users\niklas\documents\github\social-connect\sc\sc\sc.windows\debug\sc.windows.vcxprojresolveassemblyreference.cache
c:\users\niklas\documents\github\social-connect\sc\sc\sc.windows\generated files\app.g.h
c:\users\niklas\documents\github\social-connect\sc\sc\sc.windows\generated files\app.g.hpp
c:\users\niklas\documents\github\social-connect\sc\sc\sc.windows\generated files\mainpage.g.h
c:\users\niklas\documents\github\social-connect\sc\sc\sc.windows\generated files\mainpage.g.hpp
c:\users\niklas\documents\github\social-connect\sc\sc\sc.windows\generated files\app.xaml
c:\users\niklas\documents\github\social-connect\sc\sc\sc.windows\generated files\mainpage.xaml
c:\users\niklas\documents\github\social-connect\sc\sc\sc.windows\generated files\app.xbf
c:\users\niklas\documents\github\social-connect\sc\sc\sc.windows\generated files\mainpage.xbf
c:\users\niklas\documents\github\social-connect\sc\sc\sc.windows\debug\xamlsavestatefile.xml
c:\users\niklas\documents\github\social-connect\sc\sc\sc.windows\generated files\xamltypeinfo.g.cpp
c:\users\niklas\documents\github\social-connect\sc\debug\sc.windows\app.xbf
c:\users\niklas\documents\github\social-connect\sc\debug\sc.windows\mainpage.xbf
c:\users\niklas\documents\github\social-connect\sc\sc\sc.windows\debug\priconfig.xml
c:\users\niklas\documents\github\social-connect\sc\sc\sc.windows\debug\priconfig.xml.intermediate
c:\users\niklas\documents\github\social-connect\sc\sc\sc.windows\debug\layout.resfiles
c:\users\niklas\documents\github\social-connect\sc\sc\sc.windows\debug\layout.resfiles.intermediate
c:\users\niklas\documents\github\social-connect\sc\sc\sc.windows\debug\resources.resfiles
c:\users\niklas\documents\github\social-connect\sc\sc\sc.windows\debug\resources.resfiles.intermediate
c:\users\niklas\documents\github\social-connect\sc\sc\sc.windows\debug\pri.resfiles
c:\users\niklas\documents\github\social-connect\sc\sc\sc.windows\debug\pri.resfiles.intermediate
c:\users\niklas\documents\github\social-connect\sc\debug\sc.windows\resources.pri
c:\users\niklas\documents\github\social-connect\sc\sc\sc.windows\debug\qualifiers.txt
c:\users\niklas\documents\github\social-connect\sc\sc\sc.windows\debug\qualifiers.txt.intermediate
c:\users\niklas\documents\github\social-connect\sc\sc\sc.windows\debug\multiplequalifiersperdimensionfound.txt
c:\users\niklas\documents\github\social-connect\sc\sc\sc.windows\debug\projectarchitectures.txt
c:\users\niklas\documents\github\social-connect\sc\debug\sc.windows\appxmanifest.xml
c:\users\niklas\documents\github\social-connect\sc\debug\sc.windows\sc.windows.build.appxrecipe
c:\users\niklas\documents\github\social-connect\sc\sc\sc.windows\generated files\xamllibmetadataprovider.g.cpp
c:\users\niklas\documents\github\social-connect\sc\sc\sc.windows\generated files\xamltypeinfo.impl.g.cpp
c:\users\niklas\documents\github\social-connect\sc\sc\sc.windows\debug\sc.windows.tlog\cl.command.1.tlog
c:\users\niklas\documents\github\social-connect\sc\sc\sc.windows\debug\sc.windows.tlog\cl.read.1.tlog
c:\users\niklas\documents\github\social-connect\sc\sc\sc.windows\debug\sc.windows.tlog\cl.write.1.tlog
c:\users\niklas\documents\github\social-connect\sc\sc\sc.windows\debug\sc.windows.tlog\link.command.1.tlog
c:\users\niklas\documents\github\social-connect\sc\sc\sc.windows\debug\sc.windows.tlog\link.read.1.tlog
c:\users\niklas\documents\github\social-connect\sc\sc\sc.windows\debug\sc.windows.tlog\link.write.1.tlog
c:\users\niklas\documents\github\social-connect\sc\sc\sc.windows\debug\sc.windows.tlog\sc.windows.read.1u.tlog
c:\users\niklas\documents\github\social-connect\sc\sc\sc.windows\debug\sc.windows.tlog\sc.windows.write.1u.tlog
c:\users\niklas\documents\github\social-connect\sc\sc\sc.windows\generated files\xamltypeinfo.g.h
